Starting server...
node:events:496
      throw er; // Unhandled 'error' event
      ^

Error: listen EADDRINUSE: address already in use 0.0.0.0:4784
    at Server.setupListenHandle [as _listen2] (node:net:1940:16)
    at listenInCluster (node:net:1997:12)
    at Server.listen (node:net:2102:7)
    at serve (/app/node_modules/.pnpm/@hono+node-server@1.19.0_hono@4.9.4/node_modules/@hono/node-server/dist/index.js:599:10)
    at logger (/app/apps/api/src/index.ts:30:1)
    at Object.<anonymous> (/app/apps/api/src/index.ts:32:2)
    at Module._compile (node:internal/modules/cjs/loader:1730:14)
    at Object.transformer (/app/node_modules/.pnpm/tsx@4.20.5/node_modules/tsx/dist/register-D46fvsV_.cjs:3:1104)
    at Module.load (node:internal/modules/cjs/loader:1465:32)
    at Function._load (node:internal/modules/cjs/loader:1282:12)
Emitted 'error' event on Server instance at:
    at emitErrorNT (node:net:1976:8)
    at process.processTicksAndRejections (node:internal/process/task_queues:90:21) {
  code: 'EADDRINUSE',
  errno: -98,
  syscall: 'listen',
  address: '0.0.0.0',
  port: 4784
}

Node.js v22.17.1
